================================================================================
AGENT SESSION LOG
================================================================================
Session ID: 2ce83761-0ad0-4e72-bbe6-65c4077f9042
Started: 2025-11-01 17:40:28
Log File: logs/session_2ce83761-0ad0-4e72-bbe6-65c4077f9042.log
================================================================================

[+33.73s] → github
  Message: Read the repository content for owner "sujan174" and repo "SafeKeys-github-Actio...
  Length: 82 chars
[+39.30s] ← github ✓
  Response: The repository `sujan174/SafeKeys-github-Action` contains the following files an...
  Length: 349 chars
[+41.87s] → github
  Message: Read the file content of 'action.yaml' from the 'sujan174/SafeKeys-github-Action...
  Length: 93 chars
[+49.84s] ← github ✓
  Response: The content of 'action.yaml' from the 'sujan174/SafeKeys-github-Action' reposito...
  Length: 2635 chars
[+51.87s] → github
  Message: Read the file content of 'gitleaks.toml' from the 'sujan174/SafeKeys-github-Acti...
  Length: 95 chars
[+56.59s] ← github ✓
  Response: The content of 'gitleaks.toml' from the 'sujan174/SafeKeys-github-Action' reposi...
  Length: 326 chars
